<?xml version="1.0" encoding="UTF-8"?>
<testng-results ignored="0" total="20" passed="18" failed="2" skipped="0">
  <reporter-output>
  </reporter-output>
  <suite started-at="2019-09-24T08:28:38Z" name="Free CRM Application Testcase Suite" finished-at="2019-09-24T08:33:52Z" duration-ms="313830">
    <groups>
    </groups>
    <test started-at="2019-09-24T08:28:38Z" name="Free CRM test" finished-at="2019-09-24T08:33:52Z" duration-ms="313830">
      <class name="com.crm.qa.tests.LoginPageTest">
        <test-method is-config="true" signature="setup()[pri:0, instance:com.crm.qa.tests.LoginPageTest@2a32de6c]" started-at="2019-09-24T08:28:38Z" name="setup" finished-at="2019-09-24T08:28:55Z" duration-ms="16497" status="PASS">
          <reporter-output>
          </reporter-output>
        </test-method> <!-- setup -->
        <test-method signature="validateLoginPageTitleTest()[pri:0, instance:com.crm.qa.tests.LoginPageTest@2a32de6c]" started-at="2019-09-24T08:28:55Z" name="validateLoginPageTitleTest" finished-at="2019-09-24T08:28:55Z" duration-ms="39" status="PASS">
          <reporter-output>
          </reporter-output>
        </test-method> <!-- validateLoginPageTitleTest -->
        <test-method is-config="true" signature="tearDown()[pri:0, instance:com.crm.qa.tests.LoginPageTest@2a32de6c]" started-at="2019-09-24T08:28:55Z" name="tearDown" finished-at="2019-09-24T08:28:56Z" duration-ms="966" status="PASS">
          <reporter-output>
          </reporter-output>
        </test-method> <!-- tearDown -->
        <test-method is-config="true" signature="setup()[pri:0, instance:com.crm.qa.tests.LoginPageTest@2a32de6c]" started-at="2019-09-24T08:28:57Z" name="setup" finished-at="2019-09-24T08:29:12Z" duration-ms="14985" status="PASS">
          <reporter-output>
          </reporter-output>
        </test-method> <!-- setup -->
        <test-method signature="validateLoginTest(java.lang.String, java.lang.String)[pri:0, instance:com.crm.qa.tests.LoginPageTest@2a32de6c]" started-at="2019-09-24T08:29:12Z" name="validateLoginTest" data-provider="getData" finished-at="2019-09-24T08:29:14Z" duration-ms="1628" status="PASS">
          <params>
            <param index="0">
              <value>
                <![CDATA[cahnd]]>
              </value>
            </param>
            <param index="1">
              <value>
                <![CDATA[test]]>
              </value>
            </param>
          </params>
          <reporter-output>
          </reporter-output>
        </test-method> <!-- validateLoginTest -->
        <test-method is-config="true" signature="tearDown()[pri:0, instance:com.crm.qa.tests.LoginPageTest@2a32de6c]" started-at="2019-09-24T08:29:14Z" name="tearDown" finished-at="2019-09-24T08:29:14Z" duration-ms="697" status="PASS">
          <reporter-output>
          </reporter-output>
        </test-method> <!-- tearDown -->
        <test-method is-config="true" signature="setup()[pri:0, instance:com.crm.qa.tests.LoginPageTest@2a32de6c]" started-at="2019-09-24T08:29:14Z" name="setup" finished-at="2019-09-24T08:29:29Z" duration-ms="14097" status="PASS">
          <reporter-output>
          </reporter-output>
        </test-method> <!-- setup -->
        <test-method signature="validateLoginTest(java.lang.String, java.lang.String)[pri:0, instance:com.crm.qa.tests.LoginPageTest@2a32de6c]" started-at="2019-09-24T08:29:29Z" name="validateLoginTest" data-provider="getData" finished-at="2019-09-24T08:29:30Z" duration-ms="1663" status="PASS">
          <params>
            <param index="0">
              <value>
                <![CDATA[pardu]]>
              </value>
            </param>
            <param index="1">
              <value>
                <![CDATA[test123]]>
              </value>
            </param>
          </params>
          <reporter-output>
          </reporter-output>
        </test-method> <!-- validateLoginTest -->
        <test-method is-config="true" signature="tearDown()[pri:0, instance:com.crm.qa.tests.LoginPageTest@2a32de6c]" started-at="2019-09-24T08:29:30Z" name="tearDown" finished-at="2019-09-24T08:29:31Z" duration-ms="702" status="PASS">
          <reporter-output>
          </reporter-output>
        </test-method> <!-- tearDown -->
        <test-method is-config="true" signature="setup()[pri:0, instance:com.crm.qa.tests.LoginPageTest@2a32de6c]" started-at="2019-09-24T08:29:31Z" name="setup" finished-at="2019-09-24T08:29:45Z" duration-ms="14074" status="PASS">
          <reporter-output>
          </reporter-output>
        </test-method> <!-- setup -->
        <test-method signature="validateLoginTest(java.lang.String, java.lang.String)[pri:0, instance:com.crm.qa.tests.LoginPageTest@2a32de6c]" started-at="2019-09-24T08:29:45Z" name="validateLoginTest" data-provider="getData" finished-at="2019-09-24T08:30:01Z" duration-ms="15718" status="FAIL">
          <params>
            <param index="0">
              <value>
                <![CDATA[kanagala.chandu@gmail.com]]>
              </value>
            </param>
            <param index="1">
              <value>
                <![CDATA[Test@321]]>
              </value>
            </param>
          </params>
          <exception class="org.openqa.selenium.NoSuchElementException">
            <message>
              <![CDATA[no such element: Unable to locate element: {"method":"xpath","selector":"//div[@class='ui negative message']"}
  (Session info: chrome=76.0.3809.132)
For documentation on this error, please visit: https://www.seleniumhq.org/exceptions/no_such_element.html
Build info: version: '3.141.59', revision: 'e82be7d358', time: '2018-11-14T08:17:03'
System info: host: 'KALYAN-PC', ip: '192.168.0.3', os.name: 'Windows 7', os.arch: 'amd64', os.version: '6.1', java.version: '12.0.1'
Driver info: org.openqa.selenium.chrome.ChromeDriver
Capabilities {acceptInsecureCerts: false, browserName: chrome, browserVersion: 76.0.3809.132, chrome: {chromedriverVersion: 76.0.3809.68 (420c9498db8ce..., userDataDir: C:\Users\kalyan\AppData\Loc...}, goog:chromeOptions: {debuggerAddress: localhost:58973}, javascriptEnabled: true, networkConnectionEnabled: false, pageLoadStrategy: normal, platform: XP, platformName: XP, proxy: Proxy(), setWindowRect: true, strictFileInteractability: false, timeouts: {implicit: 0, pageLoad: 300000, script: 30000}, unhandledPromptBehavior: dismiss and notify}
Session ID: f20e0130e0bb76e4c77749dc616b67c5
*** Element info: {Using=xpath, value=//div[@class='ui negative message']}]]>
            </message>
            <full-stacktrace>
              <![CDATA[org.openqa.selenium.NoSuchElementException: no such element: Unable to locate element: {"method":"xpath","selector":"//div[@class='ui negative message']"}
  (Session info: chrome=76.0.3809.132)
For documentation on this error, please visit: https://www.seleniumhq.org/exceptions/no_such_element.html
Build info: version: '3.141.59', revision: 'e82be7d358', time: '2018-11-14T08:17:03'
System info: host: 'KALYAN-PC', ip: '192.168.0.3', os.name: 'Windows 7', os.arch: 'amd64', os.version: '6.1', java.version: '12.0.1'
Driver info: org.openqa.selenium.chrome.ChromeDriver
Capabilities {acceptInsecureCerts: false, browserName: chrome, browserVersion: 76.0.3809.132, chrome: {chromedriverVersion: 76.0.3809.68 (420c9498db8ce..., userDataDir: C:\Users\kalyan\AppData\Loc...}, goog:chromeOptions: {debuggerAddress: localhost:58973}, javascriptEnabled: true, networkConnectionEnabled: false, pageLoadStrategy: normal, platform: XP, platformName: XP, proxy: Proxy(), setWindowRect: true, strictFileInteractability: false, timeouts: {implicit: 0, pageLoad: 300000, script: 30000}, unhandledPromptBehavior: dismiss and notify}
Session ID: f20e0130e0bb76e4c77749dc616b67c5
*** Element info: {Using=xpath, value=//div[@class='ui negative message']}
at java.base/jdk.internal.reflect.NativeConstructorAccessorImpl.newInstance0(Native Method)
at java.base/jdk.internal.reflect.NativeConstructorAccessorImpl.newInstance(NativeConstructorAccessorImpl.java:62)
at java.base/jdk.internal.reflect.DelegatingConstructorAccessorImpl.newInstance(DelegatingConstructorAccessorImpl.java:45)
at java.base/java.lang.reflect.Constructor.newInstanceWithCaller(Constructor.java:500)
at java.base/java.lang.reflect.Constructor.newInstance(Constructor.java:481)
at org.openqa.selenium.remote.http.W3CHttpResponseCodec.createException(W3CHttpResponseCodec.java:187)
at org.openqa.selenium.remote.http.W3CHttpResponseCodec.decode(W3CHttpResponseCodec.java:122)
at org.openqa.selenium.remote.http.W3CHttpResponseCodec.decode(W3CHttpResponseCodec.java:49)
at org.openqa.selenium.remote.HttpCommandExecutor.execute(HttpCommandExecutor.java:158)
at org.openqa.selenium.remote.service.DriverCommandExecutor.execute(DriverCommandExecutor.java:83)
at org.openqa.selenium.remote.RemoteWebDriver.execute(RemoteWebDriver.java:552)
at org.openqa.selenium.remote.RemoteWebDriver.findElement(RemoteWebDriver.java:323)
at org.openqa.selenium.remote.RemoteWebDriver.findElementByXPath(RemoteWebDriver.java:428)
at org.openqa.selenium.By$ByXPath.findElement(By.java:353)
at org.openqa.selenium.remote.RemoteWebDriver.findElement(RemoteWebDriver.java:315)
at org.openqa.selenium.support.pagefactory.DefaultElementLocator.findElement(DefaultElementLocator.java:69)
at org.openqa.selenium.support.pagefactory.internal.LocatingElementHandler.invoke(LocatingElementHandler.java:38)
at com.sun.proxy.$Proxy13.isDisplayed(Unknown Source)
at com.crm.qa.pages.LoginPage.validateLogin(LoginPage.java:60)
at com.crm.qa.tests.LoginPageTest.validateLoginTest(LoginPageTest.java:48)
at java.base/jdk.internal.reflect.NativeMethodAccessorImpl.invoke0(Native Method)
at java.base/jdk.internal.reflect.NativeMethodAccessorImpl.invoke(NativeMethodAccessorImpl.java:62)
at java.base/jdk.internal.reflect.DelegatingMethodAccessorImpl.invoke(DelegatingMethodAccessorImpl.java:43)
at java.base/java.lang.reflect.Method.invoke(Method.java:567)
at org.testng.internal.MethodInvocationHelper.invokeMethod(MethodInvocationHelper.java:124)
at org.testng.internal.Invoker.invokeMethod(Invoker.java:583)
at org.testng.internal.Invoker.invokeTestMethod(Invoker.java:719)
at org.testng.internal.Invoker.invokeTestMethods(Invoker.java:989)
at org.testng.internal.TestMethodWorker.invokeTestMethods(TestMethodWorker.java:125)
at org.testng.internal.TestMethodWorker.run(TestMethodWorker.java:109)
at org.testng.TestRunner.privateRun(TestRunner.java:648)
at org.testng.TestRunner.run(TestRunner.java:505)
at org.testng.SuiteRunner.runTest(SuiteRunner.java:455)
at org.testng.SuiteRunner.runSequentially(SuiteRunner.java:450)
at org.testng.SuiteRunner.privateRun(SuiteRunner.java:415)
at org.testng.SuiteRunner.run(SuiteRunner.java:364)
at org.testng.SuiteRunnerWorker.runSuite(SuiteRunnerWorker.java:52)
at org.testng.SuiteRunnerWorker.run(SuiteRunnerWorker.java:84)
at org.testng.TestNG.runSuitesSequentially(TestNG.java:1208)
at org.testng.TestNG.runSuitesLocally(TestNG.java:1137)
at org.testng.TestNG.runSuites(TestNG.java:1049)
at org.testng.TestNG.run(TestNG.java:1017)
at org.testng.remote.AbstractRemoteTestNG.run(AbstractRemoteTestNG.java:115)
at org.testng.remote.RemoteTestNG.initAndRun(RemoteTestNG.java:251)
at org.testng.remote.RemoteTestNG.main(RemoteTestNG.java:77)
]]>
            </full-stacktrace>
          </exception> <!-- org.openqa.selenium.NoSuchElementException -->
          <reporter-output>
          </reporter-output>
        </test-method> <!-- validateLoginTest -->
        <test-method is-config="true" signature="tearDown()[pri:0, instance:com.crm.qa.tests.LoginPageTest@2a32de6c]" started-at="2019-09-24T08:30:01Z" name="tearDown" finished-at="2019-09-24T08:30:01Z" duration-ms="714" status="PASS">
          <reporter-output>
          </reporter-output>
        </test-method> <!-- tearDown -->
        <test-method is-config="true" signature="setup()[pri:0, instance:com.crm.qa.tests.LoginPageTest@2a32de6c]" started-at="2019-09-24T08:30:01Z" name="setup" finished-at="2019-09-24T08:30:15Z" duration-ms="13825" status="PASS">
          <reporter-output>
          </reporter-output>
        </test-method> <!-- setup -->
        <test-method signature="validateLoginTest(java.lang.String, java.lang.String)[pri:0, instance:com.crm.qa.tests.LoginPageTest@2a32de6c]" started-at="2019-09-24T08:30:15Z" name="validateLoginTest" data-provider="getData" finished-at="2019-09-24T08:30:17Z" duration-ms="1677" status="PASS">
          <params>
            <param index="0">
              <value>
                <![CDATA[pandu]]>
              </value>
            </param>
            <param index="1">
              <value>
                <![CDATA[Test@321]]>
              </value>
            </param>
          </params>
          <reporter-output>
          </reporter-output>
        </test-method> <!-- validateLoginTest -->
        <test-method is-config="true" signature="tearDown()[pri:0, instance:com.crm.qa.tests.LoginPageTest@2a32de6c]" started-at="2019-09-24T08:30:17Z" name="tearDown" finished-at="2019-09-24T08:30:18Z" duration-ms="697" status="PASS">
          <reporter-output>
          </reporter-output>
        </test-method> <!-- tearDown -->
        <test-method is-config="true" signature="setup()[pri:0, instance:com.crm.qa.tests.LoginPageTest@2a32de6c]" started-at="2019-09-24T08:30:18Z" name="setup" finished-at="2019-09-24T08:30:31Z" duration-ms="13413" status="PASS">
          <reporter-output>
          </reporter-output>
        </test-method> <!-- setup -->
        <test-method signature="validateSignUpLinkTest()[pri:0, instance:com.crm.qa.tests.LoginPageTest@2a32de6c]" started-at="2019-09-24T08:30:31Z" name="validateSignUpLinkTest" finished-at="2019-09-24T08:30:35Z" duration-ms="4207" status="PASS">
          <reporter-output>
          </reporter-output>
        </test-method> <!-- validateSignUpLinkTest -->
        <test-method is-config="true" signature="tearDown()[pri:0, instance:com.crm.qa.tests.LoginPageTest@2a32de6c]" started-at="2019-09-24T08:30:35Z" name="tearDown" finished-at="2019-09-24T08:30:36Z" duration-ms="703" status="PASS">
          <reporter-output>
          </reporter-output>
        </test-method> <!-- tearDown -->
      </class> <!-- com.crm.qa.tests.LoginPageTest -->
      <class name="com.crm.qa.tests.LandingPageTest">
        <test-method is-config="true" signature="setUp()[pri:0, instance:com.crm.qa.tests.LandingPageTest@7692d9cc]" started-at="2019-09-24T08:30:36Z" name="setUp" finished-at="2019-09-24T08:30:42Z" duration-ms="6555" status="PASS">
          <reporter-output>
          </reporter-output>
        </test-method> <!-- setUp -->
        <test-method signature="aboutLinkTest()[pri:0, instance:com.crm.qa.tests.LandingPageTest@7692d9cc]" started-at="2019-09-24T08:30:42Z" name="aboutLinkTest" finished-at="2019-09-24T08:30:45Z" duration-ms="2699" status="PASS">
          <reporter-output>
          </reporter-output>
        </test-method> <!-- aboutLinkTest -->
        <test-method is-config="true" signature="tearDown()[pri:0, instance:com.crm.qa.tests.LandingPageTest@7692d9cc]" started-at="2019-09-24T08:30:45Z" name="tearDown" finished-at="2019-09-24T08:30:46Z" duration-ms="711" status="PASS">
          <reporter-output>
          </reporter-output>
        </test-method> <!-- tearDown -->
        <test-method is-config="true" signature="setUp()[pri:0, instance:com.crm.qa.tests.LandingPageTest@7692d9cc]" started-at="2019-09-24T08:30:46Z" name="setUp" finished-at="2019-09-24T08:30:53Z" duration-ms="6774" status="PASS">
          <reporter-output>
          </reporter-output>
        </test-method> <!-- setUp -->
        <test-method signature="validateCrmDropDwnTest()[pri:0, instance:com.crm.qa.tests.LandingPageTest@7692d9cc]" started-at="2019-09-24T08:30:53Z" name="validateCrmDropDwnTest" finished-at="2019-09-24T08:30:55Z" duration-ms="2251" status="PASS">
          <reporter-output>
          </reporter-output>
        </test-method> <!-- validateCrmDropDwnTest -->
        <test-method is-config="true" signature="tearDown()[pri:0, instance:com.crm.qa.tests.LandingPageTest@7692d9cc]" started-at="2019-09-24T08:30:55Z" name="tearDown" finished-at="2019-09-24T08:30:56Z" duration-ms="676" status="PASS">
          <reporter-output>
          </reporter-output>
        </test-method> <!-- tearDown -->
        <test-method is-config="true" signature="setUp()[pri:0, instance:com.crm.qa.tests.LandingPageTest@7692d9cc]" started-at="2019-09-24T08:30:56Z" name="setUp" finished-at="2019-09-24T08:31:03Z" duration-ms="7015" status="PASS">
          <reporter-output>
          </reporter-output>
        </test-method> <!-- setUp -->
        <test-method signature="validateCrmlogoTest()[pri:0, instance:com.crm.qa.tests.LandingPageTest@7692d9cc]" started-at="2019-09-24T08:31:03Z" name="validateCrmlogoTest" finished-at="2019-09-24T08:31:03Z" duration-ms="591" status="PASS">
          <reporter-output>
          </reporter-output>
        </test-method> <!-- validateCrmlogoTest -->
        <test-method is-config="true" signature="tearDown()[pri:0, instance:com.crm.qa.tests.LandingPageTest@7692d9cc]" started-at="2019-09-24T08:31:03Z" name="tearDown" finished-at="2019-09-24T08:31:04Z" duration-ms="708" status="PASS">
          <reporter-output>
          </reporter-output>
        </test-method> <!-- tearDown -->
        <test-method is-config="true" signature="setUp()[pri:0, instance:com.crm.qa.tests.LandingPageTest@7692d9cc]" started-at="2019-09-24T08:31:04Z" name="setUp" finished-at="2019-09-24T08:31:11Z" duration-ms="6687" status="PASS">
          <reporter-output>
          </reporter-output>
        </test-method> <!-- setUp -->
        <test-method signature="validateLandingPageTitleTest()[pri:0, instance:com.crm.qa.tests.LandingPageTest@7692d9cc]" started-at="2019-09-24T08:31:11Z" name="validateLandingPageTitleTest" finished-at="2019-09-24T08:31:11Z" duration-ms="25" status="PASS">
          <reporter-output>
          </reporter-output>
        </test-method> <!-- validateLandingPageTitleTest -->
        <test-method is-config="true" signature="tearDown()[pri:0, instance:com.crm.qa.tests.LandingPageTest@7692d9cc]" started-at="2019-09-24T08:31:11Z" name="tearDown" finished-at="2019-09-24T08:31:11Z" duration-ms="706" status="PASS">
          <reporter-output>
          </reporter-output>
        </test-method> <!-- tearDown -->
        <test-method is-config="true" signature="setUp()[pri:0, instance:com.crm.qa.tests.LandingPageTest@7692d9cc]" started-at="2019-09-24T08:31:11Z" name="setUp" finished-at="2019-09-24T08:31:18Z" duration-ms="6436" status="PASS">
          <reporter-output>
          </reporter-output>
        </test-method> <!-- setUp -->
        <test-method signature="validateLoginButtonLinkTest()[pri:0, instance:com.crm.qa.tests.LandingPageTest@7692d9cc]" started-at="2019-09-24T08:31:18Z" name="validateLoginButtonLinkTest" finished-at="2019-09-24T08:31:25Z" duration-ms="7113" status="PASS">
          <reporter-output>
          </reporter-output>
        </test-method> <!-- validateLoginButtonLinkTest -->
        <test-method is-config="true" signature="tearDown()[pri:0, instance:com.crm.qa.tests.LandingPageTest@7692d9cc]" started-at="2019-09-24T08:31:25Z" name="tearDown" finished-at="2019-09-24T08:31:26Z" duration-ms="811" status="PASS">
          <reporter-output>
          </reporter-output>
        </test-method> <!-- tearDown -->
        <test-method is-config="true" signature="setUp()[pri:0, instance:com.crm.qa.tests.LandingPageTest@7692d9cc]" started-at="2019-09-24T08:31:26Z" name="setUp" finished-at="2019-09-24T08:31:33Z" duration-ms="7287" status="PASS">
          <reporter-output>
          </reporter-output>
        </test-method> <!-- setUp -->
        <test-method signature="validateSingupLinkTest()[pri:0, instance:com.crm.qa.tests.LandingPageTest@7692d9cc]" started-at="2019-09-24T08:31:33Z" name="validateSingupLinkTest" finished-at="2019-09-24T08:31:39Z" duration-ms="5537" status="PASS">
          <reporter-output>
          </reporter-output>
        </test-method> <!-- validateSingupLinkTest -->
        <test-method is-config="true" signature="tearDown()[pri:0, instance:com.crm.qa.tests.LandingPageTest@7692d9cc]" started-at="2019-09-24T08:31:39Z" name="tearDown" finished-at="2019-09-24T08:31:39Z" duration-ms="734" status="PASS">
          <reporter-output>
          </reporter-output>
        </test-method> <!-- tearDown -->
        <test-method is-config="true" signature="setUp()[pri:0, instance:com.crm.qa.tests.LandingPageTest@7692d9cc]" started-at="2019-09-24T08:31:39Z" name="setUp" finished-at="2019-09-24T08:31:45Z" duration-ms="6161" status="PASS">
          <reporter-output>
          </reporter-output>
        </test-method> <!-- setUp -->
        <test-method signature="validateTelephoneNumberDisplayTest()[pri:0, instance:com.crm.qa.tests.LandingPageTest@7692d9cc]" started-at="2019-09-24T08:31:45Z" name="validateTelephoneNumberDisplayTest" finished-at="2019-09-24T08:31:46Z" duration-ms="210" status="FAIL">
          <exception class="java.lang.AssertionError">
            <message>
              <![CDATA[expected [true] but found [false]]]>
            </message>
            <full-stacktrace>
              <![CDATA[java.lang.AssertionError: expected [true] but found [false]
at org.testng.Assert.fail(Assert.java:96)
at org.testng.Assert.failNotEquals(Assert.java:776)
at org.testng.Assert.assertTrue(Assert.java:44)
at org.testng.Assert.assertTrue(Assert.java:54)
at com.crm.qa.tests.LandingPageTest.validateTelephoneNumberDisplayTest(LandingPageTest.java:35)
at java.base/jdk.internal.reflect.NativeMethodAccessorImpl.invoke0(Native Method)
at java.base/jdk.internal.reflect.NativeMethodAccessorImpl.invoke(NativeMethodAccessorImpl.java:62)
at java.base/jdk.internal.reflect.DelegatingMethodAccessorImpl.invoke(DelegatingMethodAccessorImpl.java:43)
at java.base/java.lang.reflect.Method.invoke(Method.java:567)
at org.testng.internal.MethodInvocationHelper.invokeMethod(MethodInvocationHelper.java:124)
at org.testng.internal.Invoker.invokeMethod(Invoker.java:583)
at org.testng.internal.Invoker.invokeTestMethod(Invoker.java:719)
at org.testng.internal.Invoker.invokeTestMethods(Invoker.java:989)
at org.testng.internal.TestMethodWorker.invokeTestMethods(TestMethodWorker.java:125)
at org.testng.internal.TestMethodWorker.run(TestMethodWorker.java:109)
at org.testng.TestRunner.privateRun(TestRunner.java:648)
at org.testng.TestRunner.run(TestRunner.java:505)
at org.testng.SuiteRunner.runTest(SuiteRunner.java:455)
at org.testng.SuiteRunner.runSequentially(SuiteRunner.java:450)
at org.testng.SuiteRunner.privateRun(SuiteRunner.java:415)
at org.testng.SuiteRunner.run(SuiteRunner.java:364)
at org.testng.SuiteRunnerWorker.runSuite(SuiteRunnerWorker.java:52)
at org.testng.SuiteRunnerWorker.run(SuiteRunnerWorker.java:84)
at org.testng.TestNG.runSuitesSequentially(TestNG.java:1208)
at org.testng.TestNG.runSuitesLocally(TestNG.java:1137)
at org.testng.TestNG.runSuites(TestNG.java:1049)
at org.testng.TestNG.run(TestNG.java:1017)
at org.testng.remote.AbstractRemoteTestNG.run(AbstractRemoteTestNG.java:115)
at org.testng.remote.RemoteTestNG.initAndRun(RemoteTestNG.java:251)
at org.testng.remote.RemoteTestNG.main(RemoteTestNG.java:77)
]]>
            </full-stacktrace>
          </exception> <!-- java.lang.AssertionError -->
          <reporter-output>
          </reporter-output>
        </test-method> <!-- validateTelephoneNumberDisplayTest -->
        <test-method is-config="true" signature="tearDown()[pri:0, instance:com.crm.qa.tests.LandingPageTest@7692d9cc]" started-at="2019-09-24T08:31:46Z" name="tearDown" finished-at="2019-09-24T08:31:46Z" duration-ms="673" status="PASS">
          <reporter-output>
          </reporter-output>
        </test-method> <!-- tearDown -->
      </class> <!-- com.crm.qa.tests.LandingPageTest -->
      <class name="com.crm.qa.tests.HomePageTest">
        <test-method is-config="true" signature="setUp()[pri:0, instance:com.crm.qa.tests.HomePageTest@75f32542]" started-at="2019-09-24T08:31:46Z" name="setUp" finished-at="2019-09-24T08:32:01Z" duration-ms="14693" status="PASS">
          <reporter-output>
          </reporter-output>
        </test-method> <!-- setUp -->
        <test-method signature="validateContactHelpIconTest()[pri:0, instance:com.crm.qa.tests.HomePageTest@75f32542]" started-at="2019-09-24T08:32:01Z" name="validateContactHelpIconTest" finished-at="2019-09-24T08:32:04Z" duration-ms="2888" status="PASS">
          <reporter-output>
          </reporter-output>
        </test-method> <!-- validateContactHelpIconTest -->
        <test-method is-config="true" signature="tearDown()[pri:0, instance:com.crm.qa.tests.HomePageTest@75f32542]" started-at="2019-09-24T08:32:04Z" name="tearDown" finished-at="2019-09-24T08:32:05Z" duration-ms="676" status="PASS">
          <reporter-output>
          </reporter-output>
        </test-method> <!-- tearDown -->
        <test-method is-config="true" signature="setUp()[pri:0, instance:com.crm.qa.tests.HomePageTest@75f32542]" started-at="2019-09-24T08:32:05Z" name="setUp" finished-at="2019-09-24T08:32:19Z" duration-ms="14524" status="PASS">
          <reporter-output>
          </reporter-output>
        </test-method> <!-- setUp -->
        <test-method signature="validateContactsSettingIconTest()[pri:0, instance:com.crm.qa.tests.HomePageTest@75f32542]" started-at="2019-09-24T08:32:19Z" name="validateContactsSettingIconTest" finished-at="2019-09-24T08:32:22Z" duration-ms="3000" status="PASS">
          <reporter-output>
          </reporter-output>
        </test-method> <!-- validateContactsSettingIconTest -->
        <test-method is-config="true" signature="tearDown()[pri:0, instance:com.crm.qa.tests.HomePageTest@75f32542]" started-at="2019-09-24T08:32:22Z" name="tearDown" finished-at="2019-09-24T08:32:23Z" duration-ms="759" status="PASS">
          <reporter-output>
          </reporter-output>
        </test-method> <!-- tearDown -->
        <test-method is-config="true" signature="setUp()[pri:0, instance:com.crm.qa.tests.HomePageTest@75f32542]" started-at="2019-09-24T08:32:23Z" name="setUp" finished-at="2019-09-24T08:32:37Z" duration-ms="14518" status="PASS">
          <reporter-output>
          </reporter-output>
        </test-method> <!-- setUp -->
        <test-method signature="validateUserLableTest()[pri:0, instance:com.crm.qa.tests.HomePageTest@75f32542]" started-at="2019-09-24T08:32:37Z" name="validateUserLableTest" finished-at="2019-09-24T08:32:40Z" duration-ms="2664" status="PASS">
          <reporter-output>
          </reporter-output>
        </test-method> <!-- validateUserLableTest -->
        <test-method is-config="true" signature="tearDown()[pri:0, instance:com.crm.qa.tests.HomePageTest@75f32542]" started-at="2019-09-24T08:32:40Z" name="tearDown" finished-at="2019-09-24T08:32:41Z" duration-ms="756" status="PASS">
          <reporter-output>
          </reporter-output>
        </test-method> <!-- tearDown -->
        <test-method is-config="true" signature="setUp()[pri:0, instance:com.crm.qa.tests.HomePageTest@75f32542]" started-at="2019-09-24T08:32:41Z" name="setUp" finished-at="2019-09-24T08:32:55Z" duration-ms="14186" status="PASS">
          <reporter-output>
          </reporter-output>
        </test-method> <!-- setUp -->
        <test-method signature="verifyCallsLinkTest()[pri:0, instance:com.crm.qa.tests.HomePageTest@75f32542]" started-at="2019-09-24T08:32:55Z" name="verifyCallsLinkTest" finished-at="2019-09-24T08:32:58Z" duration-ms="2924" status="PASS">
          <reporter-output>
          </reporter-output>
        </test-method> <!-- verifyCallsLinkTest -->
        <test-method is-config="true" signature="tearDown()[pri:0, instance:com.crm.qa.tests.HomePageTest@75f32542]" started-at="2019-09-24T08:32:58Z" name="tearDown" finished-at="2019-09-24T08:32:59Z" duration-ms="692" status="PASS">
          <reporter-output>
          </reporter-output>
        </test-method> <!-- tearDown -->
        <test-method is-config="true" signature="setUp()[pri:0, instance:com.crm.qa.tests.HomePageTest@75f32542]" started-at="2019-09-24T08:32:59Z" name="setUp" finished-at="2019-09-24T08:33:12Z" duration-ms="13640" status="PASS">
          <reporter-output>
          </reporter-output>
        </test-method> <!-- setUp -->
        <test-method signature="verifyContactLinkTest()[pri:0, instance:com.crm.qa.tests.HomePageTest@75f32542]" started-at="2019-09-24T08:33:12Z" name="verifyContactLinkTest" finished-at="2019-09-24T08:33:15Z" duration-ms="3061" status="PASS">
          <reporter-output>
          </reporter-output>
        </test-method> <!-- verifyContactLinkTest -->
        <test-method is-config="true" signature="tearDown()[pri:0, instance:com.crm.qa.tests.HomePageTest@75f32542]" started-at="2019-09-24T08:33:15Z" name="tearDown" finished-at="2019-09-24T08:33:16Z" duration-ms="981" status="PASS">
          <reporter-output>
          </reporter-output>
        </test-method> <!-- tearDown -->
        <test-method is-config="true" signature="setUp()[pri:0, instance:com.crm.qa.tests.HomePageTest@75f32542]" started-at="2019-09-24T08:33:16Z" name="setUp" finished-at="2019-09-24T08:33:31Z" duration-ms="14534" status="PASS">
          <reporter-output>
          </reporter-output>
        </test-method> <!-- setUp -->
        <test-method signature="verifyDealsLinkTest()[pri:0, instance:com.crm.qa.tests.HomePageTest@75f32542]" started-at="2019-09-24T08:33:31Z" name="verifyDealsLinkTest" finished-at="2019-09-24T08:33:34Z" duration-ms="2936" status="PASS">
          <reporter-output>
          </reporter-output>
        </test-method> <!-- verifyDealsLinkTest -->
        <test-method is-config="true" signature="tearDown()[pri:0, instance:com.crm.qa.tests.HomePageTest@75f32542]" started-at="2019-09-24T08:33:34Z" name="tearDown" finished-at="2019-09-24T08:33:34Z" duration-ms="670" status="PASS">
          <reporter-output>
          </reporter-output>
        </test-method> <!-- tearDown -->
        <test-method is-config="true" signature="setUp()[pri:0, instance:com.crm.qa.tests.HomePageTest@75f32542]" started-at="2019-09-24T08:33:34Z" name="setUp" finished-at="2019-09-24T08:33:49Z" duration-ms="14238" status="PASS">
          <reporter-output>
          </reporter-output>
        </test-method> <!-- setUp -->
        <test-method signature="verifyTasksLinkTest()[pri:0, instance:com.crm.qa.tests.HomePageTest@75f32542]" started-at="2019-09-24T08:33:49Z" name="verifyTasksLinkTest" finished-at="2019-09-24T08:33:51Z" duration-ms="2817" status="PASS">
          <reporter-output>
          </reporter-output>
        </test-method> <!-- verifyTasksLinkTest -->
        <test-method is-config="true" signature="tearDown()[pri:0, instance:com.crm.qa.tests.HomePageTest@75f32542]" started-at="2019-09-24T08:33:52Z" name="tearDown" finished-at="2019-09-24T08:33:52Z" duration-ms="676" status="PASS">
          <reporter-output>
          </reporter-output>
        </test-method> <!-- tearDown -->
      </class> <!-- com.crm.qa.tests.HomePageTest -->
    </test> <!-- Free CRM test -->
  </suite> <!-- Free CRM Application Testcase Suite -->
</testng-results>
